<?xml version="1.0" encoding="UTF-8"?>
<!-- Generated by org.testng.reporters.JUnitReportReporter -->
<testsuite skipped="0" hostname="LAPTOP-CC2LEVQH" name="com.DropBox.Pages.LoginPage" tests="1" failures="0" timestamp="31 Aug 2018 21:25:54 GMT" time="0.009" errors="0">
  <testcase name="f" time="0.009" classname="com.DropBox.Pages.LoginPage"/>
</testsuite> <!-- com.DropBox.Pages.LoginPage -->
