<?xml version="1.0" encoding="UTF-8"?>
<!-- Generated by org.testng.reporters.JUnitReportReporter -->
<testsuite skipped="0" hostname="LAPTOP-CC2LEVQH" name="com.DropBox.Task.Demo" tests="2" failures="0" timestamp="02 Sep 2018 13:39:46 GMT" time="43.934" errors="0">
  <testcase name="renameCreatedFolderFunctionality" time="43.934" classname="com.DropBox.Task.Demo"/>
  <testcase name="f" time="0.000" classname="com.DropBox.Task.Demo"/>
</testsuite> <!-- com.DropBox.Task.Demo -->
