<?xml version="1.0" encoding="UTF-8"?>
<!-- Generated by org.testng.reporters.JUnitReportReporter -->
<testsuite skipped="0" hostname="LAPTOP-CC2LEVQH" name="com.DropBox.Task.Demo2" tests="2" failures="0" timestamp="31 Aug 2018 22:33:29 GMT" time="7.747" errors="0">
  <testcase name="xyz" time="7.745" classname="com.DropBox.Task.Demo2"/>
  <testcase name="f" time="0.002" classname="com.DropBox.Task.Demo2"/>
</testsuite> <!-- com.DropBox.Task.Demo2 -->
