<?xml version="1.0" encoding="UTF-8"?>
<!-- Generated by org.testng.reporters.JUnitReportReporter -->
<testsuite skipped="0" hostname="LAPTOP-CC2LEVQH" name="com.OptileTaskTestNg.Testng" tests="1" failures="0" timestamp="05 Sep 2018 12:57:51 GMT" time="0.005" errors="0">
  <testcase name="f" time="0.005" classname="com.OptileTaskTestNg.Testng"/>
</testsuite> <!-- com.OptileTaskTestNg.Testng -->
